<?xml version="1.0" encoding="UTF-8"?>
<testsuite name="Prueba solicitud tiempo extra" tests="1" skipped="0" failures="1" errors="0" timestamp="2024-08-20T18:19:39" hostname="PE-HO-ACH-018" time="11.718">
  <properties/>
  <testcase name="Crear una solicitud de tiempo extra" classname="Prueba solicitud tiempo extra" time="11.718">
    <failure message="org.openqa.selenium.support.ui.UnexpectedTagNameException: Element should have been &quot;select&quot; but was &quot;option&quot;&#10;Build info: version: '3.141.59', revision: 'e82be7d358', time: '2018-11-14T08:17:03'&#10;System info: host: 'PE-HO-ACH-018', ip: '172.17.8.21', os.name: 'Windows 10', os.arch: 'amd64', os.version: '10.0', java.version: '1.8.0_412'&#10;Driver info: driver.version: unknown" type="org.openqa.selenium.support.ui.UnexpectedTagNameException">org.openqa.selenium.support.ui.UnexpectedTagNameException: Element should have been &quot;select&quot; but was &quot;option&quot;
Build info: version: '3.141.59', revision: 'e82be7d358', time: '2018-11-14T08:17:03'
System info: host: 'PE-HO-ACH-018', ip: '172.17.8.21', os.name: 'Windows 10', os.arch: 'amd64', os.version: '10.0', java.version: '1.8.0_412'
Driver info: driver.version: unknown
	at org.openqa.selenium.support.ui.Select.&lt;init&gt;(Select.java:48)
	at com.integra.ach.steps.IntegraInicioStep.seleccionarTipoEntidad(IntegraInicioStep.java:102)
	at com.integra.ach.steps.IntegraInicioStep$$EnhancerByCGLIB$$cdc40811.CGLIB$seleccionarTipoEntidad$1(&lt;generated&gt;)
	at com.integra.ach.steps.IntegraInicioStep$$EnhancerByCGLIB$$cdc40811$$FastClassByCGLIB$$a77409d9.invoke(&lt;generated&gt;)
	at net.sf.cglib.proxy.MethodProxy.invokeSuper(MethodProxy.java:228)
	at net.thucydides.core.steps.StepInterceptor.invokeMethod(StepInterceptor.java:460)
	at net.thucydides.core.steps.StepInterceptor.executeTestStepMethod(StepInterceptor.java:445)
	at net.thucydides.core.steps.StepInterceptor.runTestStep(StepInterceptor.java:420)
	at net.thucydides.core.steps.StepInterceptor.runOrSkipMethod(StepInterceptor.java:175)
	at net.thucydides.core.steps.StepInterceptor.testStepResult(StepInterceptor.java:162)
	at net.thucydides.core.steps.StepInterceptor.intercept(StepInterceptor.java:68)
	at com.integra.ach.steps.IntegraInicioStep$$EnhancerByCGLIB$$cdc40811.seleccionarTipoEntidad(&lt;generated&gt;)
	at com.integra.ach.stepDefinitions.CrearSolicitudTiempoExtraStepDefinition.loginExitoso(CrearSolicitudTiempoExtraStepDefinition.java:24)
	at ✽.Login exitoso1 &quot;EF&quot; &quot;operadorachaut@gmail.com&quot; &quot;ColombiaAch.2023*&quot;(src/test/resources/com.integra.ach.features/SolicitudTiempoExtra.feature:6)
</failure>
  </testcase>
  <system-out><![CDATA[]]></system-out>
  <system-err><![CDATA[ago 20, 2024 1:19:40 PM org.openqa.selenium.remote.DesiredCapabilities chrome
INFORMACIÓN: Using `new ChromeOptions()` is preferred to `DesiredCapabilities.chrome()`
Cleaning up unclosed ZipFile for archive C:\Users\sergiomolina\Downloads\AutomatizacionIntegraACH (1)\Automatizacion\HubDePagos_Flujo8\.\src\test\resources\Data\DataLogin.xlsx
Cleaning up unclosed ZipFile for archive C:\Users\sergiomolina\Downloads\AutomatizacionIntegraACH (1)\Automatizacion\HubDePagos_Flujo8\.\src\test\resources\Data\DataLogin.xlsx
Cleaning up unclosed ZipFile for archive C:\Users\sergiomolina\Downloads\AutomatizacionIntegraACH (1)\Automatizacion\HubDePagos_Flujo8\.\src\test\resources\Data\Data_SolicitudTiempoExtra.xlsx
Cleaning up unclosed ZipFile for archive C:\Users\sergiomolina\Downloads\AutomatizacionIntegraACH (1)\Automatizacion\HubDePagos_Flujo8\.\src\test\resources\Data\Data_SolicitudTiempoExtra.xlsx
[Test worker] INFO net.serenitybdd.core.webdriver.driverproviders.ProvideNewDriver - Instantiating driver
[Test worker] INFO net.serenitybdd.core.webdriver.driverproviders.ProvideNewDriver - Driver capabilities: Capabilities {acceptInsecureCerts: false, browserName: chrome, chrome.switches: --start-maximized --disable..., goog:chromeOptions: {args: [--start-maximized, --disable-popup-blocking, --ignore-certificate-errors], extensions: []}, loggingPrefs: org.openqa.selenium.logging..., platform: ANY, version: }
Cleaning up unclosed ZipFile for archive C:\Users\sergiomolina\Downloads\AutomatizacionIntegraACH (1)\Automatizacion\HubDePagos_Flujo8\.\src\test\resources\Data\DataLogin.xlsx
Starting ChromeDriver 127.0.6533.57 (d4459446bf8a5dbb9ba3b4a3675f9b4361323538-refs/branch-heads/6533@{#1561}) on port 41845
Only local connections are allowed.
Please see https://chromedriver.chromium.org/security-considerations for suggestions on keeping ChromeDriver safe.
ChromeDriver was started successfully.
ago 20, 2024 1:19:43 PM org.openqa.selenium.remote.ProtocolHandshake createSession
INFORMACIÓN: Detected dialect: W3C
[Test worker] ERROR net.thucydides.core.steps.ConsoleLoggingListener - 
           __  _____ _____ ____ _____   _____ _    ___ _     _____ ____  
  _       / / |_   _| ____/ ___|_   _| |  ___/ \  |_ _| |   | ____|  _ \ 
 (_)_____| |    | | |  _| \___ \ | |   | |_ / _ \  | || |   |  _| | | | |
  _|_____| |    | | | |___ ___) || |   |  _/ ___ \ | || |___| |___| |_| |
 (_)     | |    |_| |_____|____/ |_|   |_|/_/   \_\___|_____|_____|____/ 
          \_\                                                            

TEST FAILED WITH ERROR: Crear una solicitud de tiempo extra
---------------------------------------------------------------------
[Test worker] ERROR net.thucydides.core.steps.ConsoleLoggingListener - TEST FAILED AT STEP Seleccionar tipo entidad: EF
[Test worker] ERROR net.thucydides.core.steps.ConsoleLoggingListener - 
]]></system-err>
</testsuite>
