<!DOCTYPE html>
<html>
<head>
<meta http-equiv="Content-Type" content="text/html; charset=utf-8"/>
<meta http-equiv="x-ua-compatible" content="IE=edge"/>
<title>Test results - Class Prueba solicitud tiempo extra</title>
<link href="../css/base-style.css" rel="stylesheet" type="text/css"/>
<link href="../css/style.css" rel="stylesheet" type="text/css"/>
<script src="../js/report.js" type="text/javascript"></script>
</head>
<body>
<div id="content">
<h1>Class Prueba solicitud tiempo extra</h1>
<div class="breadcrumbs">
<a href="../index.html">all</a> &gt; 
<a href="../packages/default-package.html">default-package</a> &gt; Prueba solicitud tiempo extra</div>
<div id="summary">
<table>
<tr>
<td>
<div class="summaryGroup">
<table>
<tr>
<td>
<div class="infoBox" id="tests">
<div class="counter">1</div>
<p>tests</p>
</div>
</td>
<td>
<div class="infoBox" id="failures">
<div class="counter">1</div>
<p>failures</p>
</div>
</td>
<td>
<div class="infoBox" id="ignored">
<div class="counter">0</div>
<p>ignored</p>
</div>
</td>
<td>
<div class="infoBox" id="duration">
<div class="counter">11.718s</div>
<p>duration</p>
</div>
</td>
</tr>
</table>
</div>
</td>
<td>
<div class="infoBox failures" id="successRate">
<div class="percent">0%</div>
<p>successful</p>
</div>
</td>
</tr>
</table>
</div>
<div id="tabs">
<ul class="tabLinks">
<li>
<a href="#tab0">Failed tests</a>
</li>
<li>
<a href="#tab1">Tests</a>
</li>
<li>
<a href="#tab2">Standard error</a>
</li>
</ul>
<div id="tab0" class="tab">
<h2>Failed tests</h2>
<div class="test">
<a name="Crear una solicitud de tiempo extra"></a>
<h3 class="failures">Crear una solicitud de tiempo extra</h3>
<span class="code">
<pre>org.openqa.selenium.support.ui.UnexpectedTagNameException: Element should have been &quot;select&quot; but was &quot;option&quot;
Build info: version: '3.141.59', revision: 'e82be7d358', time: '2018-11-14T08:17:03'
System info: host: 'PE-HO-ACH-018', ip: '172.17.8.21', os.name: 'Windows 10', os.arch: 'amd64', os.version: '10.0', java.version: '1.8.0_412'
Driver info: driver.version: unknown
	at org.openqa.selenium.support.ui.Select.&lt;init&gt;(Select.java:48)
	at com.integra.ach.steps.IntegraInicioStep.seleccionarTipoEntidad(IntegraInicioStep.java:102)
	at com.integra.ach.steps.IntegraInicioStep$$EnhancerByCGLIB$$cdc40811.CGLIB$seleccionarTipoEntidad$1(&lt;generated&gt;)
	at com.integra.ach.steps.IntegraInicioStep$$EnhancerByCGLIB$$cdc40811$$FastClassByCGLIB$$a77409d9.invoke(&lt;generated&gt;)
	at net.sf.cglib.proxy.MethodProxy.invokeSuper(MethodProxy.java:228)
	at net.thucydides.core.steps.StepInterceptor.invokeMethod(StepInterceptor.java:460)
	at net.thucydides.core.steps.StepInterceptor.executeTestStepMethod(StepInterceptor.java:445)
	at net.thucydides.core.steps.StepInterceptor.runTestStep(StepInterceptor.java:420)
	at net.thucydides.core.steps.StepInterceptor.runOrSkipMethod(StepInterceptor.java:175)
	at net.thucydides.core.steps.StepInterceptor.testStepResult(StepInterceptor.java:162)
	at net.thucydides.core.steps.StepInterceptor.intercept(StepInterceptor.java:68)
	at com.integra.ach.steps.IntegraInicioStep$$EnhancerByCGLIB$$cdc40811.seleccionarTipoEntidad(&lt;generated&gt;)
	at com.integra.ach.stepDefinitions.CrearSolicitudTiempoExtraStepDefinition.loginExitoso(CrearSolicitudTiempoExtraStepDefinition.java:24)
	at ✽.Login exitoso1 &quot;EF&quot; &quot;operadorachaut@gmail.com&quot; &quot;ColombiaAch.2023*&quot;(src/test/resources/com.integra.ach.features/SolicitudTiempoExtra.feature:6)
</pre>
</span>
</div>
</div>
<div id="tab1" class="tab">
<h2>Tests</h2>
<table>
<thead>
<tr>
<th>Test</th>
<th>Duration</th>
<th>Result</th>
</tr>
</thead>
<tr>
<td class="failures">Crear una solicitud de tiempo extra</td>
<td class="failures">11.718s</td>
<td class="failures">failed</td>
</tr>
</table>
</div>
<div id="tab2" class="tab">
<h2>Standard error</h2>
<span class="code">
<pre>ago 20, 2024 1:19:40 PM org.openqa.selenium.remote.DesiredCapabilities chrome
INFORMACIÓN: Using `new ChromeOptions()` is preferred to `DesiredCapabilities.chrome()`
Cleaning up unclosed ZipFile for archive C:\Users\sergiomolina\Downloads\AutomatizacionIntegraACH (1)\Automatizacion\HubDePagos_Flujo8\.\src\test\resources\Data\DataLogin.xlsx
Cleaning up unclosed ZipFile for archive C:\Users\sergiomolina\Downloads\AutomatizacionIntegraACH (1)\Automatizacion\HubDePagos_Flujo8\.\src\test\resources\Data\DataLogin.xlsx
Cleaning up unclosed ZipFile for archive C:\Users\sergiomolina\Downloads\AutomatizacionIntegraACH (1)\Automatizacion\HubDePagos_Flujo8\.\src\test\resources\Data\Data_SolicitudTiempoExtra.xlsx
Cleaning up unclosed ZipFile for archive C:\Users\sergiomolina\Downloads\AutomatizacionIntegraACH (1)\Automatizacion\HubDePagos_Flujo8\.\src\test\resources\Data\Data_SolicitudTiempoExtra.xlsx
[Test worker] INFO net.serenitybdd.core.webdriver.driverproviders.ProvideNewDriver - Instantiating driver
[Test worker] INFO net.serenitybdd.core.webdriver.driverproviders.ProvideNewDriver - Driver capabilities: Capabilities {acceptInsecureCerts: false, browserName: chrome, chrome.switches: --start-maximized --disable..., goog:chromeOptions: {args: [--start-maximized, --disable-popup-blocking, --ignore-certificate-errors], extensions: []}, loggingPrefs: org.openqa.selenium.logging..., platform: ANY, version: }
Cleaning up unclosed ZipFile for archive C:\Users\sergiomolina\Downloads\AutomatizacionIntegraACH (1)\Automatizacion\HubDePagos_Flujo8\.\src\test\resources\Data\DataLogin.xlsx
Starting ChromeDriver 127.0.6533.57 (d4459446bf8a5dbb9ba3b4a3675f9b4361323538-refs/branch-heads/6533@{#1561}) on port 41845
Only local connections are allowed.
Please see https://chromedriver.chromium.org/security-considerations for suggestions on keeping ChromeDriver safe.
ChromeDriver was started successfully.
ago 20, 2024 1:19:43 PM org.openqa.selenium.remote.ProtocolHandshake createSession
INFORMACIÓN: Detected dialect: W3C
[Test worker] ERROR net.thucydides.core.steps.ConsoleLoggingListener - 
           __  _____ _____ ____ _____   _____ _    ___ _     _____ ____  
  _       / / |_   _| ____/ ___|_   _| |  ___/ \  |_ _| |   | ____|  _ \ 
 (_)_____| |    | | |  _| \___ \ | |   | |_ / _ \  | || |   |  _| | | | |
  _|_____| |    | | | |___ ___) || |   |  _/ ___ \ | || |___| |___| |_| |
 (_)     | |    |_| |_____|____/ |_|   |_|/_/   \_\___|_____|_____|____/ 
          \_\                                                            

TEST FAILED WITH ERROR: Crear una solicitud de tiempo extra
---------------------------------------------------------------------
[Test worker] ERROR net.thucydides.core.steps.ConsoleLoggingListener - TEST FAILED AT STEP Seleccionar tipo entidad: EF
[Test worker] ERROR net.thucydides.core.steps.ConsoleLoggingListener - 
</pre>
</span>
</div>
</div>
<div id="footer">
<p>
<div>
<label class="hidden" id="label-for-line-wrapping-toggle" for="line-wrapping-toggle">Wrap lines
<input id="line-wrapping-toggle" type="checkbox" autocomplete="off"/>
</label>
</div>Generated by 
<a href="http://www.gradle.org">Gradle 7.4</a> at 20/08/2024 01:19:53 PM</p>
</div>
</div>
</body>
</html>
